<?xml version="1.0" encoding="UTF-8"?>
<!-- Generated by org.testng.reporters.JUnitReportReporter -->
<testsuite skipped="0" hostname="ALEXA" name="Test01_GET" tests="1" failures="0" timestamp="2021-06-03T17:49:13 IST" time="1.342" errors="0">
  <testcase name="test_01" time="1.342" classname="Test01_GET"/>
  <system-out/>
</testsuite> <!-- Test01_GET -->
